<?xml version="1.0" encoding="UTF-8"?>
<!-- Generated by org.testng.reporters.JUnitReportReporter -->
<testsuite skipped="0" hostname="ulya" name="lecture4.ProductTest" tests="2" failures="0" timestamp="01 дек 2017 23:06:01 GMT" time="36.650" errors="0">
  <testcase name="createProduct" time="28.938" classname="lecture4.ProductTest"/>
  <testcase name="checkProduct" time="7.712" classname="lecture4.ProductTest"/>
</testsuite> <!-- lecture4.ProductTest -->
